2022-04-17 [11:04:20.166] [Server thread/INFO]: Loading server configuration
2022-04-17 [11:04:20.189] [Server thread/INFO]: Selected English (eng) as the base language
2022-04-17 [11:04:20.193] [Server thread/INFO]: Starting Minecraft: Bedrock Edition server version v1.18.10
2022-04-17 [11:04:20.197] [Server thread/INFO]: Online mode is enabled. The server will verify that players are authenticated to Xbox Live.
2022-04-17 [11:04:20.245] [Server thread/INFO]: This server is running PocketMine-MP version 4.2.7
2022-04-17 [11:04:20.245] [Server thread/INFO]: PocketMine-MP is distributed under the LGPL License
2022-04-17 [11:04:20.884] [Server thread/INFO]: Loading resource packs...
2022-04-17 [11:04:20.923] [Server thread/INFO]: Preparing world "world"
2022-04-17 [11:04:21.027] [Server thread/NOTICE]: Spawn terrain for world "world" is being generated in the background
2022-04-17 [11:04:21.526] [Server thread/INFO]: Minecraft network interface running on 0.0.0.0:19132
2022-04-17 [11:04:21.527] [Server thread/INFO]: GS4 Query listener running on 0.0.0.0:19132
2022-04-17 [11:04:21.615] [Server thread/INFO]: Minecraft network interface running on [::]:19132
2022-04-17 [11:04:21.615] [Server thread/INFO]: GS4 Query listener running on [::]:19132
2022-04-17 [11:04:21.626] [Server thread/INFO]: Default game type: Survival Mode
2022-04-17 [11:04:21.627] [Server thread/INFO]: If you find this project useful, please consider donating to support development: https://patreon.com/pocketminemp
2022-04-17 [11:04:21.627] [Server thread/INFO]: Done (1.462s)! For help, type "help" or "?"
2022-04-17 [11:04:29.107] [Server thread/INFO]: [World: world] Generating spawn terrain: 1 / 224 (0%)
2022-04-17 [11:05:00.333] [Server thread/INFO]: [World: world] Generating spawn terrain: 23 / 224 (10%)
2022-04-17 [11:05:09.910] [Server thread/INFO]: [World: world] Generating spawn terrain: 45 / 224 (20%)
2022-04-17 [11:05:14.306] [Server thread/INFO]: [World: world] Generating spawn terrain: 68 / 224 (30%)
2022-04-17 [11:05:17.621] [Server thread/INFO]: [World: world] Generating spawn terrain: 90 / 224 (40%)
2022-04-17 [11:05:20.738] [Server thread/INFO]: [World: world] Generating spawn terrain: 112 / 224 (50%)
2022-04-17 [11:05:22.436] [Server thread/INFO]: [World: world] Generating spawn terrain: 135 / 224 (60%)
2022-04-17 [11:05:23.907] [Server thread/INFO]: [World: world] Generating spawn terrain: 157 / 224 (70%)
2022-04-17 [11:05:25.637] [Server thread/INFO]: [World: world] Generating spawn terrain: 180 / 224 (80%)
2022-04-17 [11:05:27.115] [Server thread/INFO]: [World: world] Generating spawn terrain: 202 / 224 (90%)
2022-04-17 [11:05:28.458] [Server thread/INFO]: [World: world] Generating spawn terrain: 224 / 224 (100%)
